            --------------------------------------------------------
                             AMBER SQM VERSION 19
 
                                     By
              Ross C. Walker, Michael F. Crowley, Scott Brozell,
                         Tim Giese, Andreas W. Goetz,
                        Tai-Sung Lee and David A. Case
 
            --------------------------------------------------------
 

--------------------------------------------------------------------------------
  QM CALCULATION INFO
--------------------------------------------------------------------------------

| QMMM: Citation for AMBER QMMM Run:
| QMMM: R.C. Walker, M.F. Crowley and D.A. Case, J. COMP. CHEM. 29:1019, 2008

QMMM: SINGLET STATE CALCULATION
QMMM: RHF CALCULATION, NO. OF DOUBLY OCCUPIED LEVELS =  4

| QMMM: *** Selected Hamiltonian *** 
| QMMM: AM1         

| QMMM: *** Parameter sets in use ***
| QMMM: O : M.J.S.DEWAR et al. JACS, 107, 3902, (1985)
| QMMM: H : M.J.S.DEWAR et al. JACS, 107, 3902, (1985)

| QMMM: *** SCF convergence criteria ***
| QMMM: Energy change                :  0.1D-09 kcal/mol
| QMMM: Error matrix |FP-PF|         :  0.1D+00 au
| QMMM: Density matrix change        :  0.5D-06
| QMMM: Maximum number of SCF cycles :     1000

| QMMM: *** Diagonalization Routine Information ***
| QMMM: Pseudo diagonalizations are allowed.
| QMMM: Auto diagonalization routine selection is in use.
| QMMM:
| QMMM: Timing diagonalization routines:
| QMMM:                              norbs =        6
| QMMM:    diag iterations used for timing =       20
| QMMM:
| QMMM:              Internal diag routine = 0.000148 seconds
| QMMM:                 Dspev diag routine = 0.000337 seconds
| QMMM:                Dspevd diag routine = 0.000250 seconds
| QMMM:                Dspevx diag routine = 0.000447 seconds
| QMMM:                 Dsyev diag routine = 0.000233 seconds
| QMMM:                Dsyevd diag routine = 0.000262 seconds
| QMMM:                Dsyevr diag routine = 0.000302 seconds
| QMMM:
| QMMM:                Pseudo diag routine = 0.000124 seconds
| QMMM:
| QMMM: Using internal diagonalization routine (diag_routine=1).

  QMMM: QM Region Cartesian Coordinates (*=link atom) 
  QMMM: QM_NO.   MM_NO.  ATOM         X         Y         Z
  QMMM:     1        1      O        0.0020    0.3980    0.0000
  QMMM:     2        2      H       -0.7640   -0.1950    0.0000
  QMMM:     3        3      H        0.7620   -0.2030    0.0000

--------------------------------------------------------------------------------
  RESULTS
--------------------------------------------------------------------------------

      iter         sqm energy              rms gradient
      ----    -------------------    -----------------------
xmin    10      -59.2288 kcal/mol        0.0006 kcal/(mol*A)
xmin    10      -59.2288 kcal/mol        0.0001 kcal/(mol*A)
  ... geometry converged !
 
 Final MO eigenvalues (eV):
 -36.4228  -18.1988  -14.9527  -12.4641    4.4176    6.1907

 Heat of formation   =        -59.22877016 kcal/mol  (       -2.56835220 eV)

 Total SCF energy    =      -8038.18880697 kcal/mol  (     -348.56202276 eV)
 Electronic energy   =     -11375.13999395 kcal/mol  (     -493.26308460 eV)
 Core-core repulsion =       3336.95118698 kcal/mol  (      144.70106183 eV)
 
    Atomic Charges for Step       1 :
  Atom    Element       Mulliken Charge
     1      O                 -0.383
     2      H                  0.191
     3      H                  0.191
 Total Mulliken Charge =      -0.000
 
                  X        Y        Z     TOTAL  
  QM DIPOLE    -0.008   -1.861   -0.000    1.861
 
 Final Structure

  QMMM: QM Region Cartesian Coordinates (*=link atom) 
  QMMM: QM_NO.   MM_NO.  ATOM         X         Y         Z
  QMMM:     1        1      O        0.0017    0.3966    0.0001
  QMMM:     2        2      H       -0.7560   -0.1950   -0.0000
  QMMM:     3        3      H        0.7542   -0.2016   -0.0001

           --------- Calculation Completed ----------

